2025-09-02 12:56:23 [main] INFO  com.uday.task1.Task1Application - Starting Task1Application using Java 17.0.12 with PID 10416 (D:\Learning\Spring Boot\assignment-1\task1\target\classes started by chita in D:\Learning\Spring Boot\assignment-1)
2025-09-02 12:56:23 [main] INFO  com.uday.task1.Task1Application - No active profile set, falling back to 1 default profile: "default"
2025-09-02 12:56:25 [main] INFO  o.s.b.w.e.tomcat.TomcatWebServer - Tomcat initialized with port 8080 (http)
2025-09-02 12:56:25 [main] INFO  o.a.coyote.http11.Http11NioProtocol - Initializing ProtocolHandler ["http-nio-8080"]
2025-09-02 12:56:25 [main] INFO  o.a.catalina.core.StandardService - Starting service [Tomcat]
2025-09-02 12:56:25 [main] INFO  o.a.catalina.core.StandardEngine - Starting Servlet engine: [Apache Tomcat/10.1.44]
2025-09-02 12:56:25 [main] INFO  o.a.c.c.C.[Tomcat].[localhost].[/] - Initializing Spring embedded WebApplicationContext
2025-09-02 12:56:25 [main] INFO  o.s.b.w.s.c.ServletWebServerApplicationContext - Root WebApplicationContext: initialization completed in 1551 ms
2025-09-02 12:56:25 [main] INFO  o.a.coyote.http11.Http11NioProtocol - Starting ProtocolHandler ["http-nio-8080"]
2025-09-02 12:56:25 [main] INFO  o.s.b.w.e.tomcat.TomcatWebServer - Tomcat started on port 8080 (http) with context path '/'
2025-09-02 12:56:25 [main] INFO  com.uday.task1.Task1Application - Started Task1Application in 2.847 seconds (process running for 3.548)
2025-09-02 12:57:11 [http-nio-8080-exec-1] INFO  o.a.c.c.C.[Tomcat].[localhost].[/] - Initializing Spring DispatcherServlet 'dispatcherServlet'
2025-09-02 12:57:11 [http-nio-8080-exec-1] INFO  o.s.web.servlet.DispatcherServlet - Initializing Servlet 'dispatcherServlet'
2025-09-02 12:57:11 [http-nio-8080-exec-1] INFO  o.s.web.servlet.DispatcherServlet - Completed initialization in 1 ms
2025-09-02 12:57:11 [http-nio-8080-exec-1] INFO  com.uday.task1.HomeAspect - Before executing home method
2025-09-02 12:57:11 [http-nio-8080-exec-1] INFO  com.uday.task1.HomeAspect - Successfully executed home method
2025-09-02 12:57:11 [http-nio-8080-exec-1] INFO  com.uday.task1.HomeAspect - Response from home method: Hello World!
2025-09-02 12:57:11 [http-nio-8080-exec-1] INFO  com.uday.task1.HomeAspect - After returning from home method
2025-09-02 12:57:11 [http-nio-8080-exec-1] INFO  com.uday.task1.HomeAspect - Method execution completed
2025-09-02 13:00:49 [http-nio-8080-exec-3] INFO  com.uday.task1.HomeAspect - Before executing home method
2025-09-02 13:00:49 [http-nio-8080-exec-3] INFO  com.uday.task1.HomeAspect - Successfully executed home method
2025-09-02 13:00:49 [http-nio-8080-exec-3] INFO  com.uday.task1.HomeAspect - Response from home method: Hello World!
2025-09-02 13:00:49 [http-nio-8080-exec-3] INFO  com.uday.task1.HomeAspect - After returning from home method
2025-09-02 13:00:49 [http-nio-8080-exec-3] INFO  com.uday.task1.HomeAspect - Method execution completed
2025-09-02 13:00:53 [SpringApplicationShutdownHook] INFO  o.s.b.w.e.tomcat.GracefulShutdown - Commencing graceful shutdown. Waiting for active requests to complete
2025-09-02 13:00:53 [tomcat-shutdown] INFO  o.s.b.w.e.tomcat.GracefulShutdown - Graceful shutdown complete
