2025-08-25 23:15:42 [main] INFO  com.uday.task1.Task1Application - Starting Task1Application using Java 17.0.12 with PID 29908 (D:\Learning\Spring Boot\assignment-1\task1\target\classes started by chita in D:\Learning\Spring Boot\assignment-1\task1)
2025-08-25 23:15:42 [main] INFO  com.uday.task1.Task1Application - No active profile set, falling back to 1 default profile: "default"
2025-08-25 23:15:44 [main] INFO  o.s.b.w.e.tomcat.TomcatWebServer - Tomcat initialized with port 8080 (http)
2025-08-25 23:15:44 [main] INFO  o.a.coyote.http11.Http11NioProtocol - Initializing ProtocolHandler ["http-nio-8080"]
2025-08-25 23:15:44 [main] INFO  o.a.catalina.core.StandardService - Starting service [Tomcat]
2025-08-25 23:15:44 [main] INFO  o.a.catalina.core.StandardEngine - Starting Servlet engine: [Apache Tomcat/10.1.44]
2025-08-25 23:15:44 [main] INFO  o.a.c.c.C.[Tomcat].[localhost].[/] - Initializing Spring embedded WebApplicationContext
2025-08-25 23:15:44 [main] INFO  o.s.b.w.s.c.ServletWebServerApplicationContext - Root WebApplicationContext: initialization completed in 1192 ms
2025-08-25 23:15:44 [main] INFO  o.a.coyote.http11.Http11NioProtocol - Starting ProtocolHandler ["http-nio-8080"]
2025-08-25 23:15:44 [main] INFO  o.s.b.w.e.tomcat.TomcatWebServer - Tomcat started on port 8080 (http) with context path '/'
2025-08-25 23:15:44 [main] INFO  com.uday.task1.Task1Application - Started Task1Application in 2.232 seconds (process running for 2.867)
2025-08-25 23:16:09 [main] INFO  com.uday.task1.Task1Application - Starting Task1Application using Java 17.0.12 with PID 8936 (D:\Learning\Spring Boot\assignment-1\task1\target\classes started by chita in D:\Learning\Spring Boot\assignment-1\task1)
2025-08-25 23:16:09 [main] INFO  com.uday.task1.Task1Application - No active profile set, falling back to 1 default profile: "default"
2025-08-25 23:16:10 [main] INFO  o.s.b.w.e.tomcat.TomcatWebServer - Tomcat initialized with port 8080 (http)
2025-08-25 23:16:10 [main] INFO  o.a.coyote.http11.Http11NioProtocol - Initializing ProtocolHandler ["http-nio-8080"]
2025-08-25 23:16:10 [main] INFO  o.a.catalina.core.StandardService - Starting service [Tomcat]
2025-08-25 23:16:10 [main] INFO  o.a.catalina.core.StandardEngine - Starting Servlet engine: [Apache Tomcat/10.1.44]
2025-08-25 23:16:10 [main] INFO  o.a.c.c.C.[Tomcat].[localhost].[/] - Initializing Spring embedded WebApplicationContext
2025-08-25 23:16:10 [main] INFO  o.s.b.w.s.c.ServletWebServerApplicationContext - Root WebApplicationContext: initialization completed in 1086 ms
2025-08-25 23:16:10 [main] INFO  o.a.coyote.http11.Http11NioProtocol - Starting ProtocolHandler ["http-nio-8080"]
2025-08-25 23:16:10 [main] INFO  o.s.b.w.e.tomcat.TomcatWebServer - Tomcat started on port 8080 (http) with context path '/'
2025-08-25 23:16:10 [main] INFO  com.uday.task1.Task1Application - Started Task1Application in 2.058 seconds (process running for 2.701)
2025-08-25 23:19:18 [main] INFO  com.uday.task1.Task1Application - Starting Task1Application using Java 17.0.12 with PID 8328 (D:\Learning\Spring Boot\assignment-1\task1\target\classes started by chita in D:\Learning\Spring Boot\assignment-1\task1)
2025-08-25 23:19:19 [main] INFO  com.uday.task1.Task1Application - No active profile set, falling back to 1 default profile: "default"
2025-08-25 23:19:20 [main] INFO  o.s.b.w.e.tomcat.TomcatWebServer - Tomcat initialized with port 8080 (http)
2025-08-25 23:19:20 [main] INFO  o.a.coyote.http11.Http11NioProtocol - Initializing ProtocolHandler ["http-nio-8080"]
2025-08-25 23:19:20 [main] INFO  o.a.catalina.core.StandardService - Starting service [Tomcat]
2025-08-25 23:19:20 [main] INFO  o.a.catalina.core.StandardEngine - Starting Servlet engine: [Apache Tomcat/10.1.44]
2025-08-25 23:19:20 [main] INFO  o.a.c.c.C.[Tomcat].[localhost].[/] - Initializing Spring embedded WebApplicationContext
2025-08-25 23:19:20 [main] INFO  o.s.b.w.s.c.ServletWebServerApplicationContext - Root WebApplicationContext: initialization completed in 1115 ms
2025-08-25 23:19:20 [main] INFO  o.a.coyote.http11.Http11NioProtocol - Starting ProtocolHandler ["http-nio-8080"]
2025-08-25 23:19:20 [main] INFO  o.s.b.w.e.tomcat.TomcatWebServer - Tomcat started on port 8080 (http) with context path '/'
2025-08-25 23:19:20 [main] INFO  com.uday.task1.Task1Application - Started Task1Application in 2.106 seconds (process running for 2.7)
2025-08-25 23:19:29 [http-nio-8080-exec-1] INFO  o.a.c.c.C.[Tomcat].[localhost].[/] - Initializing Spring DispatcherServlet 'dispatcherServlet'
2025-08-25 23:19:29 [http-nio-8080-exec-1] INFO  o.s.web.servlet.DispatcherServlet - Initializing Servlet 'dispatcherServlet'
2025-08-25 23:19:29 [http-nio-8080-exec-1] INFO  o.s.web.servlet.DispatcherServlet - Completed initialization in 1 ms
2025-08-25 23:19:29 [http-nio-8080-exec-1] INFO  com.uday.task1.Task1Application - Hello World from / endpoint
2025-08-25 23:19:48 [SpringApplicationShutdownHook] INFO  o.s.b.w.e.tomcat.GracefulShutdown - Commencing graceful shutdown. Waiting for active requests to complete
2025-08-25 23:19:48 [tomcat-shutdown] INFO  o.s.b.w.e.tomcat.GracefulShutdown - Graceful shutdown complete
2025-08-25 23:20:00 [main] INFO  com.uday.task1.Task1Application - Starting Task1Application using Java 17.0.12 with PID 11844 (D:\Learning\Spring Boot\assignment-1\task1\target\classes started by chita in D:\Learning\Spring Boot\assignment-1\task1)
2025-08-25 23:20:00 [main] INFO  com.uday.task1.Task1Application - No active profile set, falling back to 1 default profile: "default"
2025-08-25 23:20:01 [main] INFO  o.s.b.w.e.tomcat.TomcatWebServer - Tomcat initialized with port 8080 (http)
2025-08-25 23:20:01 [main] INFO  o.a.coyote.http11.Http11NioProtocol - Initializing ProtocolHandler ["http-nio-8080"]
2025-08-25 23:20:01 [main] INFO  o.a.catalina.core.StandardService - Starting service [Tomcat]
2025-08-25 23:20:01 [main] INFO  o.a.catalina.core.StandardEngine - Starting Servlet engine: [Apache Tomcat/10.1.44]
2025-08-25 23:20:01 [main] INFO  o.a.c.c.C.[Tomcat].[localhost].[/] - Initializing Spring embedded WebApplicationContext
2025-08-25 23:20:01 [main] INFO  o.s.b.w.s.c.ServletWebServerApplicationContext - Root WebApplicationContext: initialization completed in 1130 ms
2025-08-25 23:20:01 [main] INFO  o.a.coyote.http11.Http11NioProtocol - Starting ProtocolHandler ["http-nio-8080"]
2025-08-25 23:20:01 [main] INFO  o.s.b.w.e.tomcat.TomcatWebServer - Tomcat started on port 8080 (http) with context path '/'
2025-08-25 23:20:01 [main] INFO  com.uday.task1.Task1Application - Started Task1Application in 2.109 seconds (process running for 2.729)
2025-08-25 23:20:09 [main] INFO  com.uday.task1.Task1Application - Starting Task1Application using Java 17.0.12 with PID 23636 (D:\Learning\Spring Boot\assignment-1\task1\target\classes started by chita in D:\Learning\Spring Boot\assignment-1\task1)
2025-08-25 23:20:09 [main] INFO  com.uday.task1.Task1Application - No active profile set, falling back to 1 default profile: "default"
2025-08-25 23:20:10 [main] INFO  o.s.b.w.e.tomcat.TomcatWebServer - Tomcat initialized with port 8080 (http)
2025-08-25 23:20:10 [main] INFO  o.a.coyote.http11.Http11NioProtocol - Initializing ProtocolHandler ["http-nio-8080"]
2025-08-25 23:20:10 [main] INFO  o.a.catalina.core.StandardService - Starting service [Tomcat]
2025-08-25 23:20:10 [main] INFO  o.a.catalina.core.StandardEngine - Starting Servlet engine: [Apache Tomcat/10.1.44]
2025-08-25 23:20:10 [main] INFO  o.a.c.c.C.[Tomcat].[localhost].[/] - Initializing Spring embedded WebApplicationContext
2025-08-25 23:20:10 [main] INFO  o.s.b.w.s.c.ServletWebServerApplicationContext - Root WebApplicationContext: initialization completed in 1168 ms
2025-08-25 23:20:10 [main] INFO  o.a.coyote.http11.Http11NioProtocol - Starting ProtocolHandler ["http-nio-8080"]
2025-08-25 23:20:10 [main] INFO  o.s.b.w.e.tomcat.TomcatWebServer - Tomcat started on port 8080 (http) with context path '/'
2025-08-25 23:20:10 [main] INFO  com.uday.task1.Task1Application - Started Task1Application in 2.12 seconds (process running for 2.749)
2025-08-25 23:20:41 [main] INFO  com.uday.task1.Task1Application - Starting Task1Application using Java 17.0.12 with PID 25872 (D:\Learning\Spring Boot\assignment-1\task1\target\classes started by chita in D:\Learning\Spring Boot\assignment-1\task1)
2025-08-25 23:20:41 [main] INFO  com.uday.task1.Task1Application - No active profile set, falling back to 1 default profile: "default"
2025-08-25 23:20:42 [main] INFO  o.s.b.w.e.tomcat.TomcatWebServer - Tomcat initialized with port 8080 (http)
2025-08-25 23:20:42 [main] INFO  o.a.coyote.http11.Http11NioProtocol - Initializing ProtocolHandler ["http-nio-8080"]
2025-08-25 23:20:42 [main] INFO  o.a.catalina.core.StandardService - Starting service [Tomcat]
2025-08-25 23:20:42 [main] INFO  o.a.catalina.core.StandardEngine - Starting Servlet engine: [Apache Tomcat/10.1.44]
2025-08-25 23:20:43 [main] INFO  o.a.c.c.C.[Tomcat].[localhost].[/] - Initializing Spring embedded WebApplicationContext
2025-08-25 23:20:43 [main] INFO  o.s.b.w.s.c.ServletWebServerApplicationContext - Root WebApplicationContext: initialization completed in 1121 ms
2025-08-25 23:20:43 [main] INFO  o.a.coyote.http11.Http11NioProtocol - Starting ProtocolHandler ["http-nio-8080"]
2025-08-25 23:20:43 [main] INFO  o.s.b.w.e.tomcat.TomcatWebServer - Tomcat started on port 8080 (http) with context path '/'
2025-08-25 23:20:43 [main] INFO  com.uday.task1.Task1Application - Started Task1Application in 2.074 seconds (process running for 2.656)
2025-08-25 23:20:48 [main] INFO  com.uday.task1.Task1Application - Starting Task1Application using Java 17.0.12 with PID 19068 (D:\Learning\Spring Boot\assignment-1\task1\target\classes started by chita in D:\Learning\Spring Boot\assignment-1\task1)
2025-08-25 23:20:48 [main] INFO  com.uday.task1.Task1Application - No active profile set, falling back to 1 default profile: "default"
2025-08-25 23:20:49 [main] INFO  o.s.b.w.e.tomcat.TomcatWebServer - Tomcat initialized with port 8080 (http)
2025-08-25 23:20:49 [main] INFO  o.a.coyote.http11.Http11NioProtocol - Initializing ProtocolHandler ["http-nio-8080"]
