2025-08-25 23:30:51 [http-nio-8080-exec-6] INFO  com.uday.task1.HomeAspect - Before executing home method
2025-08-25 23:30:51 [http-nio-8080-exec-6] INFO  com.uday.task1.Task1Application - Hello World from / endpoint
2025-08-25 23:30:51 [http-nio-8080-exec-6] INFO  com.uday.task1.HomeAspect - Successfully executed home method
2025-08-25 23:30:51 [http-nio-8080-exec-6] INFO  com.uday.task1.HomeAspect - Response from home method: Hello World!
2025-08-25 23:30:51 [http-nio-8080-exec-6] INFO  com.uday.task1.HomeAspect - After returning from home method
2025-08-25 23:30:51 [http-nio-8080-exec-6] INFO  com.uday.task1.HomeAspect - Method execution completed
2025-08-25 23:30:52 [http-nio-8080-exec-7] INFO  com.uday.task1.HomeAspect - Before executing home method
2025-08-25 23:30:53 [http-nio-8080-exec-7] INFO  com.uday.task1.Task1Application - Hello World from / endpoint
2025-08-25 23:30:53 [http-nio-8080-exec-7] INFO  com.uday.task1.HomeAspect - Successfully executed home method
2025-08-25 23:30:53 [http-nio-8080-exec-7] INFO  com.uday.task1.HomeAspect - Response from home method: Hello World!
2025-08-25 23:30:53 [http-nio-8080-exec-7] INFO  com.uday.task1.HomeAspect - After returning from home method
2025-08-25 23:30:53 [http-nio-8080-exec-7] INFO  com.uday.task1.HomeAspect - Method execution completed
2025-08-25 23:30:55 [http-nio-8080-exec-8] INFO  com.uday.task1.HomeAspect - Before executing home method
2025-08-25 23:30:55 [http-nio-8080-exec-8] INFO  com.uday.task1.Task1Application - Hello World from / endpoint
2025-08-25 23:30:55 [http-nio-8080-exec-8] INFO  com.uday.task1.HomeAspect - Successfully executed home method
2025-08-25 23:30:55 [http-nio-8080-exec-8] INFO  com.uday.task1.HomeAspect - Response from home method: Hello World!
2025-08-25 23:30:55 [http-nio-8080-exec-8] INFO  com.uday.task1.HomeAspect - After returning from home method
2025-08-25 23:30:55 [http-nio-8080-exec-8] INFO  com.uday.task1.HomeAspect - Method execution completed
2025-08-25 23:30:56 [http-nio-8080-exec-9] INFO  com.uday.task1.HomeAspect - Before executing home method
2025-08-25 23:30:56 [http-nio-8080-exec-9] INFO  com.uday.task1.Task1Application - Hello World from / endpoint
2025-08-25 23:30:56 [http-nio-8080-exec-9] INFO  com.uday.task1.HomeAspect - Successfully executed home method
2025-08-25 23:30:56 [http-nio-8080-exec-9] INFO  com.uday.task1.HomeAspect - Response from home method: Hello World!
2025-08-25 23:30:56 [http-nio-8080-exec-9] INFO  com.uday.task1.HomeAspect - After returning from home method
2025-08-25 23:30:56 [http-nio-8080-exec-9] INFO  com.uday.task1.HomeAspect - Method execution completed
2025-08-25 23:31:36 [main] INFO  com.uday.task1.Task1Application - Starting Task1Application using Java 17.0.12 with PID 30460 (D:\Learning\Spring Boot\assignment-1\task1\target\classes started by chita in D:\Learning\Spring Boot\assignment-1\task1)
2025-08-25 23:31:36 [main] INFO  com.uday.task1.Task1Application - No active profile set, falling back to 1 default profile: "default"
2025-08-25 23:31:37 [main] INFO  o.s.b.w.e.tomcat.TomcatWebServer - Tomcat initialized with port 8080 (http)
2025-08-25 23:31:37 [main] INFO  o.a.coyote.http11.Http11NioProtocol - Initializing ProtocolHandler ["http-nio-8080"]
2025-08-25 23:31:37 [main] INFO  o.a.catalina.core.StandardService - Starting service [Tomcat]
2025-08-25 23:31:37 [main] INFO  o.a.catalina.core.StandardEngine - Starting Servlet engine: [Apache Tomcat/10.1.44]
2025-08-25 23:31:37 [main] INFO  o.a.c.c.C.[Tomcat].[localhost].[/] - Initializing Spring embedded WebApplicationContext
2025-08-25 23:31:37 [main] INFO  o.s.b.w.s.c.ServletWebServerApplicationContext - Root WebApplicationContext: initialization completed in 1257 ms
2025-08-25 23:31:38 [main] INFO  o.a.coyote.http11.Http11NioProtocol - Starting ProtocolHandler ["http-nio-8080"]
2025-08-25 23:31:38 [main] INFO  o.s.b.w.e.tomcat.TomcatWebServer - Tomcat started on port 8080 (http) with context path '/'
2025-08-25 23:31:38 [main] INFO  com.uday.task1.Task1Application - Started Task1Application in 2.327 seconds (process running for 2.936)
2025-08-25 23:31:38 [http-nio-8080-exec-1] INFO  o.a.c.c.C.[Tomcat].[localhost].[/] - Initializing Spring DispatcherServlet 'dispatcherServlet'
2025-08-25 23:31:38 [http-nio-8080-exec-1] INFO  o.s.web.servlet.DispatcherServlet - Initializing Servlet 'dispatcherServlet'
2025-08-25 23:31:38 [http-nio-8080-exec-1] INFO  o.s.web.servlet.DispatcherServlet - Completed initialization in 1 ms
2025-08-25 23:31:38 [http-nio-8080-exec-1] INFO  com.uday.task1.HomeAspect - Before executing home method
2025-08-25 23:31:38 [http-nio-8080-exec-1] INFO  com.uday.task1.Task1Application - Hello World from / endpoint
2025-08-25 23:31:38 [http-nio-8080-exec-1] INFO  com.uday.task1.HomeAspect - Successfully executed home method
2025-08-25 23:31:38 [http-nio-8080-exec-1] INFO  com.uday.task1.HomeAspect - Response from home method: Hello World!
2025-08-25 23:31:38 [http-nio-8080-exec-1] INFO  com.uday.task1.HomeAspect - After returning from home method
2025-08-25 23:31:38 [http-nio-8080-exec-1] INFO  com.uday.task1.HomeAspect - Method execution completed
2025-08-25 23:31:40 [http-nio-8080-exec-3] INFO  com.uday.task1.HomeAspect - Before executing home method
2025-08-25 23:31:40 [http-nio-8080-exec-3] INFO  com.uday.task1.Task1Application - Hello World from / endpoint
2025-08-25 23:31:40 [http-nio-8080-exec-3] INFO  com.uday.task1.HomeAspect - Successfully executed home method
2025-08-25 23:31:40 [http-nio-8080-exec-3] INFO  com.uday.task1.HomeAspect - Response from home method: Hello World!
2025-08-25 23:31:40 [http-nio-8080-exec-3] INFO  com.uday.task1.HomeAspect - After returning from home method
2025-08-25 23:31:40 [http-nio-8080-exec-3] INFO  com.uday.task1.HomeAspect - Method execution completed
2025-08-25 23:31:56 [main] INFO  com.uday.task1.Task1Application - Starting Task1Application using Java 17.0.12 with PID 27752 (D:\Learning\Spring Boot\assignment-1\task1\target\classes started by chita in D:\Learning\Spring Boot\assignment-1\task1)
2025-08-25 23:31:56 [main] INFO  com.uday.task1.Task1Application - No active profile set, falling back to 1 default profile: "default"
2025-08-25 23:31:57 [main] INFO  o.s.b.w.e.tomcat.TomcatWebServer - Tomcat initialized with port 8080 (http)
2025-08-25 23:31:57 [main] INFO  o.a.coyote.http11.Http11NioProtocol - Initializing ProtocolHandler ["http-nio-8080"]
2025-08-25 23:31:57 [main] INFO  o.a.catalina.core.StandardService - Starting service [Tomcat]
2025-08-25 23:31:57 [main] INFO  o.a.catalina.core.StandardEngine - Starting Servlet engine: [Apache Tomcat/10.1.44]
2025-08-25 23:31:57 [main] INFO  o.a.c.c.C.[Tomcat].[localhost].[/] - Initializing Spring embedded WebApplicationContext
2025-08-25 23:31:57 [main] INFO  o.s.b.w.s.c.ServletWebServerApplicationContext - Root WebApplicationContext: initialization completed in 1293 ms
2025-08-25 23:31:58 [main] INFO  o.a.coyote.http11.Http11NioProtocol - Starting ProtocolHandler ["http-nio-8080"]
2025-08-25 23:31:58 [main] INFO  o.s.b.w.e.tomcat.TomcatWebServer - Tomcat started on port 8080 (http) with context path '/'
2025-08-25 23:31:58 [main] INFO  com.uday.task1.Task1Application - Started Task1Application in 2.332 seconds (process running for 2.987)
2025-08-25 23:31:59 [http-nio-8080-exec-1] INFO  o.a.c.c.C.[Tomcat].[localhost].[/] - Initializing Spring DispatcherServlet 'dispatcherServlet'
2025-08-25 23:31:59 [http-nio-8080-exec-1] INFO  o.s.web.servlet.DispatcherServlet - Initializing Servlet 'dispatcherServlet'
2025-08-25 23:31:59 [http-nio-8080-exec-1] INFO  o.s.web.servlet.DispatcherServlet - Completed initialization in 1 ms
2025-08-25 23:31:59 [http-nio-8080-exec-1] INFO  com.uday.task1.HomeAspect - Before executing home method
2025-08-25 23:31:59 [http-nio-8080-exec-1] INFO  com.uday.task1.HomeAspect - Successfully executed home method
2025-08-25 23:31:59 [http-nio-8080-exec-1] INFO  com.uday.task1.HomeAspect - Response from home method: Hello World!
2025-08-25 23:31:59 [http-nio-8080-exec-1] INFO  com.uday.task1.HomeAspect - After returning from home method
2025-08-25 23:31:59 [http-nio-8080-exec-1] INFO  com.uday.task1.HomeAspect - Method execution completed
2025-08-25 23:32:01 [http-nio-8080-exec-2] INFO  com.uday.task1.HomeAspect - Before executing home method
2025-08-25 23:32:01 [http-nio-8080-exec-2] INFO  com.uday.task1.HomeAspect - Successfully executed home method
2025-08-25 23:32:01 [http-nio-8080-exec-2] INFO  com.uday.task1.HomeAspect - Response from home method: Hello World!
2025-08-25 23:32:01 [http-nio-8080-exec-2] INFO  com.uday.task1.HomeAspect - After returning from home method
2025-08-25 23:32:01 [http-nio-8080-exec-2] INFO  com.uday.task1.HomeAspect - Method execution completed
2025-08-25 23:32:18 [http-nio-8080-exec-4] INFO  com.uday.task1.HomeAspect - Before executing home method
2025-08-25 23:32:18 [http-nio-8080-exec-4] INFO  com.uday.task1.HomeAspect - Successfully executed home method
2025-08-25 23:32:18 [http-nio-8080-exec-4] INFO  com.uday.task1.HomeAspect - Response from home method: Hello World!
2025-08-25 23:32:18 [http-nio-8080-exec-4] INFO  com.uday.task1.HomeAspect - After returning from home method
2025-08-25 23:32:18 [http-nio-8080-exec-4] INFO  com.uday.task1.HomeAspect - Method execution completed
2025-08-25 23:33:56 [main] INFO  com.uday.task1.Task1Application - Starting Task1Application using Java 17.0.12 with PID 3708 (D:\Learning\Spring Boot\assignment-1\task1\target\classes started by chita in D:\Learning\Spring Boot\assignment-1\task1)
2025-08-25 23:33:56 [main] INFO  com.uday.task1.Task1Application - No active profile set, falling back to 1 default profile: "default"
2025-08-25 23:33:57 [main] INFO  o.s.b.w.e.tomcat.TomcatWebServer - Tomcat initialized with port 8080 (http)
2025-08-25 23:33:57 [main] INFO  o.a.coyote.http11.Http11NioProtocol - Initializing ProtocolHandler ["http-nio-8080"]
2025-08-25 23:33:57 [main] INFO  o.a.catalina.core.StandardService - Starting service [Tomcat]
2025-08-25 23:33:57 [main] INFO  o.a.catalina.core.StandardEngine - Starting Servlet engine: [Apache Tomcat/10.1.44]
2025-08-25 23:33:57 [main] INFO  o.a.c.c.C.[Tomcat].[localhost].[/] - Initializing Spring embedded WebApplicationContext
