2025-08-25 23:20:49 [main] INFO  o.a.catalina.core.StandardService - Starting service [Tomcat]
2025-08-25 23:20:49 [main] INFO  o.a.catalina.core.StandardEngine - Starting Servlet engine: [Apache Tomcat/10.1.44]
2025-08-25 23:20:49 [main] INFO  o.a.c.c.C.[Tomcat].[localhost].[/] - Initializing Spring embedded WebApplicationContext
2025-08-25 23:20:49 [main] INFO  o.s.b.w.s.c.ServletWebServerApplicationContext - Root WebApplicationContext: initialization completed in 1132 ms
2025-08-25 23:20:49 [main] INFO  o.a.coyote.http11.Http11NioProtocol - Starting ProtocolHandler ["http-nio-8080"]
2025-08-25 23:20:49 [main] INFO  o.s.b.w.e.tomcat.TomcatWebServer - Tomcat started on port 8080 (http) with context path '/'
2025-08-25 23:20:49 [main] INFO  com.uday.task1.Task1Application - Started Task1Application in 2.021 seconds (process running for 2.58)
2025-08-25 23:20:53 [main] INFO  com.uday.task1.Task1Application - Starting Task1Application using Java 17.0.12 with PID 30128 (D:\Learning\Spring Boot\assignment-1\task1\target\classes started by chita in D:\Learning\Spring Boot\assignment-1\task1)
2025-08-25 23:20:53 [main] INFO  com.uday.task1.Task1Application - No active profile set, falling back to 1 default profile: "default"
2025-08-25 23:20:54 [main] INFO  o.s.b.w.e.tomcat.TomcatWebServer - Tomcat initialized with port 8080 (http)
2025-08-25 23:20:54 [main] INFO  o.a.coyote.http11.Http11NioProtocol - Initializing ProtocolHandler ["http-nio-8080"]
2025-08-25 23:20:54 [main] INFO  o.a.catalina.core.StandardService - Starting service [Tomcat]
2025-08-25 23:20:54 [main] INFO  o.a.catalina.core.StandardEngine - Starting Servlet engine: [Apache Tomcat/10.1.44]
2025-08-25 23:20:54 [main] INFO  o.a.c.c.C.[Tomcat].[localhost].[/] - Initializing Spring embedded WebApplicationContext
2025-08-25 23:20:54 [main] INFO  o.s.b.w.s.c.ServletWebServerApplicationContext - Root WebApplicationContext: initialization completed in 1148 ms
2025-08-25 23:20:55 [main] INFO  o.a.coyote.http11.Http11NioProtocol - Starting ProtocolHandler ["http-nio-8080"]
2025-08-25 23:20:55 [main] INFO  o.s.b.w.e.tomcat.TomcatWebServer - Tomcat started on port 8080 (http) with context path '/'
2025-08-25 23:20:55 [main] INFO  com.uday.task1.Task1Application - Started Task1Application in 2.17 seconds (process running for 2.722)
2025-08-25 23:21:26 [SpringApplicationShutdownHook] INFO  o.s.b.w.e.tomcat.GracefulShutdown - Commencing graceful shutdown. Waiting for active requests to complete
2025-08-25 23:21:27 [tomcat-shutdown] INFO  o.s.b.w.e.tomcat.GracefulShutdown - Graceful shutdown complete
2025-08-25 23:29:45 [main] INFO  com.uday.task1.Task1Application - Starting Task1Application using Java 17.0.12 with PID 27344 (D:\Learning\Spring Boot\assignment-1\task1\target\classes started by chita in D:\Learning\Spring Boot\assignment-1\task1)
2025-08-25 23:29:45 [main] INFO  com.uday.task1.Task1Application - No active profile set, falling back to 1 default profile: "default"
2025-08-25 23:29:46 [main] INFO  o.s.b.w.e.tomcat.TomcatWebServer - Tomcat initialized with port 8080 (http)
2025-08-25 23:29:46 [main] INFO  o.a.coyote.http11.Http11NioProtocol - Initializing ProtocolHandler ["http-nio-8080"]
2025-08-25 23:29:46 [main] INFO  o.a.catalina.core.StandardService - Starting service [Tomcat]
2025-08-25 23:29:46 [main] INFO  o.a.catalina.core.StandardEngine - Starting Servlet engine: [Apache Tomcat/10.1.44]
2025-08-25 23:29:46 [main] INFO  o.a.c.c.C.[Tomcat].[localhost].[/] - Initializing Spring embedded WebApplicationContext
2025-08-25 23:29:46 [main] INFO  o.s.b.w.s.c.ServletWebServerApplicationContext - Root WebApplicationContext: initialization completed in 1144 ms
2025-08-25 23:29:47 [main] INFO  o.a.coyote.http11.Http11NioProtocol - Starting ProtocolHandler ["http-nio-8080"]
2025-08-25 23:29:47 [main] INFO  o.s.b.w.e.tomcat.TomcatWebServer - Tomcat started on port 8080 (http) with context path '/'
2025-08-25 23:29:47 [main] INFO  com.uday.task1.Task1Application - Started Task1Application in 2.161 seconds (process running for 2.75)
2025-08-25 23:29:51 [http-nio-8080-exec-1] INFO  o.a.c.c.C.[Tomcat].[localhost].[/] - Initializing Spring DispatcherServlet 'dispatcherServlet'
2025-08-25 23:29:51 [http-nio-8080-exec-1] INFO  o.s.web.servlet.DispatcherServlet - Initializing Servlet 'dispatcherServlet'
2025-08-25 23:29:51 [http-nio-8080-exec-1] INFO  o.s.web.servlet.DispatcherServlet - Completed initialization in 1 ms
2025-08-25 23:29:51 [http-nio-8080-exec-1] INFO  com.uday.task1.HomeAspect - Before executing home method
2025-08-25 23:29:51 [http-nio-8080-exec-1] INFO  com.uday.task1.Task1Application - Hello World from / endpoint
2025-08-25 23:29:51 [http-nio-8080-exec-1] INFO  com.uday.task1.HomeAspect - Successfully executed home method
2025-08-25 23:29:51 [http-nio-8080-exec-1] INFO  com.uday.task1.HomeAspect - Response from home method: Hello World!
2025-08-25 23:29:51 [http-nio-8080-exec-1] INFO  com.uday.task1.HomeAspect - After returning from home method
2025-08-25 23:29:51 [http-nio-8080-exec-1] INFO  com.uday.task1.HomeAspect - After executing home method
2025-08-25 23:30:34 [main] INFO  com.uday.task1.Task1Application - Starting Task1Application using Java 17.0.12 with PID 26184 (D:\Learning\Spring Boot\assignment-1\task1\target\classes started by chita in D:\Learning\Spring Boot\assignment-1\task1)
2025-08-25 23:30:34 [main] INFO  com.uday.task1.Task1Application - No active profile set, falling back to 1 default profile: "default"
2025-08-25 23:30:35 [main] INFO  o.s.b.w.e.tomcat.TomcatWebServer - Tomcat initialized with port 8080 (http)
2025-08-25 23:30:35 [main] INFO  o.a.coyote.http11.Http11NioProtocol - Initializing ProtocolHandler ["http-nio-8080"]
2025-08-25 23:30:35 [main] INFO  o.a.catalina.core.StandardService - Starting service [Tomcat]
2025-08-25 23:30:35 [main] INFO  o.a.catalina.core.StandardEngine - Starting Servlet engine: [Apache Tomcat/10.1.44]
2025-08-25 23:30:35 [main] INFO  o.a.c.c.C.[Tomcat].[localhost].[/] - Initializing Spring embedded WebApplicationContext
2025-08-25 23:30:35 [main] INFO  o.s.b.w.s.c.ServletWebServerApplicationContext - Root WebApplicationContext: initialization completed in 1209 ms
2025-08-25 23:30:36 [main] INFO  o.a.coyote.http11.Http11NioProtocol - Starting ProtocolHandler ["http-nio-8080"]
2025-08-25 23:30:36 [main] INFO  o.s.b.w.e.tomcat.TomcatWebServer - Tomcat started on port 8080 (http) with context path '/'
2025-08-25 23:30:36 [main] INFO  com.uday.task1.Task1Application - Started Task1Application in 2.254 seconds (process running for 2.83)
2025-08-25 23:30:36 [http-nio-8080-exec-2] INFO  o.a.c.c.C.[Tomcat].[localhost].[/] - Initializing Spring DispatcherServlet 'dispatcherServlet'
2025-08-25 23:30:36 [http-nio-8080-exec-2] INFO  o.s.web.servlet.DispatcherServlet - Initializing Servlet 'dispatcherServlet'
2025-08-25 23:30:36 [http-nio-8080-exec-2] INFO  o.s.web.servlet.DispatcherServlet - Completed initialization in 1 ms
2025-08-25 23:30:36 [http-nio-8080-exec-2] INFO  com.uday.task1.HomeAspect - Before executing home method
2025-08-25 23:30:36 [http-nio-8080-exec-2] INFO  com.uday.task1.Task1Application - Hello World from / endpoint
2025-08-25 23:30:36 [http-nio-8080-exec-2] INFO  com.uday.task1.HomeAspect - Successfully executed home method
2025-08-25 23:30:36 [http-nio-8080-exec-2] INFO  com.uday.task1.HomeAspect - Response from home method: Hello World!
2025-08-25 23:30:36 [http-nio-8080-exec-2] INFO  com.uday.task1.HomeAspect - After returning from home method
2025-08-25 23:30:36 [http-nio-8080-exec-2] INFO  com.uday.task1.HomeAspect - Method execution completed
2025-08-25 23:30:43 [http-nio-8080-exec-3] INFO  com.uday.task1.HomeAspect - Before executing home method
2025-08-25 23:30:43 [http-nio-8080-exec-3] INFO  com.uday.task1.Task1Application - Hello World from / endpoint
2025-08-25 23:30:43 [http-nio-8080-exec-3] INFO  com.uday.task1.HomeAspect - Successfully executed home method
2025-08-25 23:30:43 [http-nio-8080-exec-3] INFO  com.uday.task1.HomeAspect - Response from home method: Hello World!
2025-08-25 23:30:43 [http-nio-8080-exec-3] INFO  com.uday.task1.HomeAspect - After returning from home method
2025-08-25 23:30:43 [http-nio-8080-exec-3] INFO  com.uday.task1.HomeAspect - Method execution completed
2025-08-25 23:30:45 [http-nio-8080-exec-1] INFO  com.uday.task1.HomeAspect - Before executing home method
2025-08-25 23:30:45 [http-nio-8080-exec-1] INFO  com.uday.task1.Task1Application - Hello World from / endpoint
2025-08-25 23:30:45 [http-nio-8080-exec-1] INFO  com.uday.task1.HomeAspect - Successfully executed home method
2025-08-25 23:30:45 [http-nio-8080-exec-1] INFO  com.uday.task1.HomeAspect - Response from home method: Hello World!
2025-08-25 23:30:45 [http-nio-8080-exec-1] INFO  com.uday.task1.HomeAspect - After returning from home method
2025-08-25 23:30:45 [http-nio-8080-exec-1] INFO  com.uday.task1.HomeAspect - Method execution completed
2025-08-25 23:30:47 [http-nio-8080-exec-4] INFO  com.uday.task1.HomeAspect - Before executing home method
2025-08-25 23:30:47 [http-nio-8080-exec-4] INFO  com.uday.task1.Task1Application - Hello World from / endpoint
2025-08-25 23:30:47 [http-nio-8080-exec-4] INFO  com.uday.task1.HomeAspect - Successfully executed home method
2025-08-25 23:30:47 [http-nio-8080-exec-4] INFO  com.uday.task1.HomeAspect - Response from home method: Hello World!
2025-08-25 23:30:47 [http-nio-8080-exec-4] INFO  com.uday.task1.HomeAspect - After returning from home method
2025-08-25 23:30:47 [http-nio-8080-exec-4] INFO  com.uday.task1.HomeAspect - Method execution completed
2025-08-25 23:30:48 [http-nio-8080-exec-5] INFO  com.uday.task1.HomeAspect - Before executing home method
2025-08-25 23:30:48 [http-nio-8080-exec-5] INFO  com.uday.task1.Task1Application - Hello World from / endpoint
2025-08-25 23:30:48 [http-nio-8080-exec-5] INFO  com.uday.task1.HomeAspect - Successfully executed home method
2025-08-25 23:30:48 [http-nio-8080-exec-5] INFO  com.uday.task1.HomeAspect - Response from home method: Hello World!
2025-08-25 23:30:48 [http-nio-8080-exec-5] INFO  com.uday.task1.HomeAspect - After returning from home method
2025-08-25 23:30:48 [http-nio-8080-exec-5] INFO  com.uday.task1.HomeAspect - Method execution completed
